<?xml version="1.0" encoding="UTF-8"?>
<testsuite name="test.java.Test2InfoStories" time="4.823" tests="15" errors="0" skipped="0" failures="0">
  <properties>
[...]
</properties>
  <testcase name="BeforeStories" classname="java.lang.Object" time="0"/>
  <testcase name="Given 社員を表示します" classname="test.java.TestInfoSteps" time="0"/>
  <testcase name="When ユーザID 1000 を表示します" classname="test.java.TestInfoSteps" time="1.455"/>
  <testcase name="Then 以下が表示されていること, " classname="test.java.TestInfoSteps" time="0.001"/>
  <testcase name="Scenario: 001: 社内アカウントを表示します" classname="Scenario: 001: 社内アカウントを表示します" time="0.005"/>
  <testcase name="Given 部署を表示します" classname="test.java.TestInfoSteps" time="0.001"/>
  <testcase name="When 部署ID 200 を表示します" classname="test.java.TestInfoSteps" time="1.631"/>
  <testcase name="Then 以下の部署が表示されていること, " classname="test.java.TestInfoSteps" time="0.001"/>
  <testcase name="Scenario: 002: 部署を表示します" classname="Scenario: 002: 部署を表示します" time="0.007"/>
  <testcase name="Given 管理システムを表示します" classname="test.java.TestInfoSteps" time="0"/>
  <testcase name="When 管理システムID 2000 を表示します" classname="test.java.TestInfoSteps" time="1.705"/>
  <testcase name="Then 以下の管理システムが表示されていること, " classname="test.java.TestInfoSteps" time="0.002"/>
  <testcase name="Scenario: 003: 管理システムを表示します" classname="Scenario: 003: 管理システムを表示します" time="0.005"/>
  <testcase name="Info.story" classname="Info.story" time="0.007"/>
  <testcase name="AfterStories" classname="java.lang.Object" time="0.003"/>
</testsuite>