<?xml version="1.0" encoding="UTF-8"?>
<testsuite name="test.java.Test3UpdateStories" time="27.704" tests="23" errors="0" skipped="0" failures="0">
  <properties>
[...]
</properties>
  <testcase name="BeforeStories" classname="java.lang.Object" time="0.001"/>
  <testcase name="Given ユーザID 1005 を更新します" classname="test.java.TestUpdateSteps" time="1.548"/>
  <testcase name="When 名前を くおえ うえーーるえうおええええ に変更します" classname="test.java.TestUpdateSteps" time="3.277"/>
  <testcase name="Then 以下が表示されていること, " classname="test.java.TestUpdateSteps" time="0"/>
  <testcase name="Scenario: 001: 社内アカウントを更新します" classname="Scenario: 001: 社内アカウントを更新します" time="0.008"/>
  <testcase name="Given 部署ID 400 を更新します" classname="test.java.TestUpdateSteps" time="1.647"/>
  <testcase name="When 部署名を 人事総務部 に変更します" classname="test.java.TestUpdateSteps" time="3.41"/>
  <testcase name="Then 以下の部署が表示されていること, " classname="test.java.TestUpdateSteps" time="0"/>
  <testcase name="Scenario: 002: 部署を更新します" classname="Scenario: 002: 部署を更新します" time="0.007"/>
  <testcase name="Given 管理システムID 1000 を更新します" classname="test.java.TestUpdateSteps" time="1.875"/>
  <testcase name="When 名前を おちんぎん先生 に変更します" classname="test.java.TestUpdateSteps" time="3.54"/>
  <testcase name="Then 以下の管理システムが表示されていること, " classname="test.java.TestUpdateSteps" time="0.001"/>
  <testcase name="Scenario: 003: 管理システムを更新します" classname="Scenario: 003: 管理システムを更新します" time="0.004"/>
  <testcase name="Given 管理システムID、権限ID 2000 101 を更新します" classname="test.java.TestUpdateSteps" time="1.507"/>
  <testcase name="When 権限名を 管理者 に変更します" classname="test.java.TestUpdateSteps" time="3.093"/>
  <testcase name="Then 以下の権限が表示されていること, " classname="test.java.TestUpdateSteps" time="0.001"/>
  <testcase name="Scenario: 004: 権限を更新します" classname="Scenario: 004: 権限を更新します" time="0.005"/>
  <testcase name="Given システムアカウントID、管理システムID、権限ID m-tomoe 2000 101 の権限を更新します" classname="test.java.TestUpdateSteps" time="1.429"/>
  <testcase name="When 対象の権限を 1 に変更します" classname="test.java.TestUpdateSteps" time="1.417"/>
  <testcase name="Then 以下の権限が付与されていること, " classname="test.java.TestUpdateSteps" time="1.641"/>
  <testcase name="Scenario: 005: 保有権限を更新します" classname="Scenario: 005: 保有権限を更新します" time="1.645"/>
  <testcase name="Update.story" classname="Update.story" time="1.646"/>
  <testcase name="AfterStories" classname="java.lang.Object" time="0.002"/>
</testsuite>