<?xml version="1.0" encoding="UTF-8"?>
<testsuite name="test.java.Test1CreateStories" time="30.838" tests="22" errors="1" skipped="1" failures="0">
  <properties>
[...]
</properties>
  <testcase name="BeforeStories" classname="java.lang.Object" time="0.019"/>
  <testcase name="Given 空の社員を作成します" classname="test.java.TestCreateSteps" time="0.001"/>
  <testcase name="When フランスからの新入社員を追加します, " classname="test.java.TestCreateSteps" time="4.438"/>
  <testcase name="Then 以下の社員が追加されていること, " classname="test.java.TestCreateSteps" time="1.723"/>
  <testcase name="Scenario: 001:  社内アカウントに一件追加します" classname="Scenario: 001:  社内アカウントに一件追加します" time="1.73"/>
  <testcase name="Given 新しい部署を作成します" classname="test.java.TestCreateSteps" time="0"/>
  <testcase name="When 人事部を追加します, " classname="test.java.TestCreateSteps" time="1.728">
    <error message="The transaction has been rolled back.  See the nested exceptions for details on the errors that occurred." type="org.apache.openjpa.persistence.RollbackException">org.apache.openjpa.persistence.RollbackException: The transaction has been rolled back.  See the nested exceptions for details on the errors that occurred.
	at org.apache.openjpa.lib.jdbc.LoggingConnectionDecorator.wrap(LoggingConnectionDecorator.java:219)
	at org.apache.openjpa.lib.jdbc.LoggingConnectionDecorator.wrap(LoggingConnectionDecorator.java:195)
	at org.apache.openjpa.lib.jdbc.LoggingConnectionDecorator.access$1000(LoggingConnectionDecorator.java:59)
	at org.apache.openjpa.lib.jdbc.LoggingConnectionDecorator$LoggingConnection$LoggingPreparedStatement.executeUpdate(LoggingConnectionDecorator.java:1134)
	at org.apache.openjpa.lib.jdbc.DelegatingPreparedStatement.executeUpdate(DelegatingPreparedStatement.java:275)
	at org.apache.openjpa.jdbc.kernel.JDBCStoreManager$CancelPreparedStatement.executeUpdate(JDBCStoreManager.java:1792)
	at org.apache.openjpa.jdbc.kernel.PreparedStatementManagerImpl.executeUpdate(PreparedStatementManagerImpl.java:268)
	at org.apache.openjpa.jdbc.kernel.PreparedStatementManagerImpl.flushAndUpdate(PreparedStatementManagerImpl.java:119)
	at org.apache.openjpa.jdbc.kernel.BatchingPreparedStatementManagerImpl.flushAndUpdate(BatchingPreparedStatementManagerImpl.java:79)
	at org.apache.openjpa.jdbc.kernel.PreparedStatementManagerImpl.flushInternal(PreparedStatementManagerImpl.java:100)
	at org.apache.openjpa.jdbc.kernel.PreparedStatementManagerImpl.flush(PreparedStatementManagerImpl.java:88)
	at org.apache.openjpa.jdbc.kernel.ConstraintUpdateManager.flush(ConstraintUpdateManager.java:550)
	at org.apache.openjpa.jdbc.kernel.ConstraintUpdateManager.flush(ConstraintUpdateManager.java:106)
	at org.apache.openjpa.jdbc.kernel.BatchingConstraintUpdateManager.flush(BatchingConstraintUpdateManager.java:59)
	at org.apache.openjpa.jdbc.kernel.AbstractUpdateManager.flush(AbstractUpdateManager.java:105)
	at org.apache.openjpa.jdbc.kernel.AbstractUpdateManager.flush(AbstractUpdateManager.java:78)
	at org.apache.openjpa.jdbc.kernel.JDBCStoreManager.flush(JDBCStoreManager.java:732)
	at org.apache.openjpa.kernel.DelegatingStoreManager.flush(DelegatingStoreManager.java:131)
	at org.apache.openjpa.kernel.BrokerImpl.flush(BrokerImpl.java:2184)
	at org.apache.openjpa.kernel.BrokerImpl.flushSafe(BrokerImpl.java:2082)
	at org.apache.openjpa.kernel.BrokerImpl.beforeCompletion(BrokerImpl.java:2000)
	at org.apache.openjpa.kernel.LocalManagedRuntime.commit(LocalManagedRuntime.java:81)
	at org.apache.openjpa.kernel.BrokerImpl.commit(BrokerImpl.java:1524)
	at org.apache.openjpa.kernel.DelegatingBroker.commit(DelegatingBroker.java:933)
	at org.apache.openjpa.persistence.EntityManagerImpl.commit(EntityManagerImpl.java:570)
	at systemaccount.service.CreateUnit.createUnit(CreateUnit.java:24)
	at systemaccount.json.webresource.UnitResource.createItem(UnitResource.java:80)
	at test.java.TestCreateSteps.whenCreateUnit(TestCreateSteps.java:75)
</error>
    <system-out><![CDATA[Given 新しい部署を作成します
]]></system-out>
    <system-err><![CDATA[0  SystemAccount  WARN   [pool-1-thread-1] openjpa.Runtime - Could not create the optional validation provider. Reason returned: "A default ValidatorFactory could not be created."
0  SystemAccount  INFO   [pool-1-thread-1] openjpa.Runtime - Starting OpenJPA 2.2.2
0  SystemAccount  INFO   [pool-1-thread-1] openjpa.jdbc.JDBC - Using dictionary class "org.apache.openjpa.jdbc.sql.MySQLDictionary".
1701  SystemAccount  TRACE  [pool-1-thread-1] openjpa.jdbc.SQL - <t 625292359, conn 344007354> executing prepstmnt 1997498415 
INSERT INTO Unit (unitID, inputDate, isValid, unitName, updateDate) 
    VALUES (?, ?, ?, ?, ?) 
[params=(int) 400, (Date) 2014-09-07, (byte) 0, (String) 人事部, (Date) 2014-09-07]
1703  SystemAccount  TRACE  [pool-1-thread-1] openjpa.jdbc.SQL - <t 625292359, conn 344007354> [2 ms] spent
9 07, 2014 2:06:16 午後 systemaccount.json.webresource.UnitResource createItem
重大: The transaction has been rolled back.  See the nested exceptions for details on the errors that occurred.
<openjpa-2.2.2-r422266:1468616 fatal store error> org.apache.openjpa.persistence.RollbackException: The transaction has been rolled back.  See the nested exceptions for details on the errors that occurred.
FailedObject: systemaccount.model.Unit@196f4e87
	at org.apache.openjpa.persistence.EntityManagerImpl.commit(EntityManagerImpl.java:594)
	at systemaccount.service.CreateUnit.createUnit(CreateUnit.java:24)
	at systemaccount.json.webresource.UnitResource.createItem(UnitResource.java:80)
	at test.java.TestCreateSteps.whenCreateUnit(TestCreateSteps.java:75)
	at sun.reflect.NativeMethodAccessorImpl.invoke0(Native Method)
	at sun.reflect.NativeMethodAccessorImpl.invoke(NativeMethodAccessorImpl.java:57)
	at sun.reflect.DelegatingMethodAccessorImpl.invoke(DelegatingMethodAccessorImpl.java:43)
	at java.lang.reflect.Method.invoke(Method.java:606)
	at org.jbehave.core.steps.StepCreator$ParameterisedStep.perform(StepCreator.java:550)
	at org.jbehave.core.embedder.StoryRunner$FineSoFar.run(StoryRunner.java:531)
	at org.jbehave.core.embedder.StoryRunner.runStepsWhileKeepingState(StoryRunner.java:511)
	at org.jbehave.core.embedder.StoryRunner.runScenarioSteps(StoryRunner.java:475)
	at org.jbehave.core.embedder.StoryRunner.runCancellable(StoryRunner.java:308)
	at org.jbehave.core.embedder.StoryRunner.run(StoryRunner.java:220)
	at org.jbehave.core.embedder.StoryRunner.run(StoryRunner.java:181)
	at org.jbehave.core.embedder.StoryManager$EnqueuedStory.call(StoryManager.java:229)
	at org.jbehave.core.embedder.StoryManager$EnqueuedStory.call(StoryManager.java:201)
	at java.util.concurrent.FutureTask.run(FutureTask.java:262)
	at java.util.concurrent.ThreadPoolExecutor.runWorker(ThreadPoolExecutor.java:1145)
	at java.util.concurrent.ThreadPoolExecutor$Worker.run(ThreadPoolExecutor.java:615)
	at java.lang.Thread.run(Thread.java:724)
Caused by: <openjpa-2.2.2-r422266:1468616 fatal store error> org.apache.openjpa.persistence.EntityExistsException: The transaction has been rolled back.  See the nested exceptions for details on the errors that occurred.
FailedObject: systemaccount.model.Unit@196f4e87
	at org.apache.openjpa.kernel.BrokerImpl.newFlushException(BrokerImpl.java:2347)
	at org.apache.openjpa.kernel.BrokerImpl.flush(BrokerImpl.java:2184)
	at org.apache.openjpa.kernel.BrokerImpl.flushSafe(BrokerImpl.java:2082)
	at org.apache.openjpa.kernel.BrokerImpl.beforeCompletion(BrokerImpl.java:2000)
	at org.apache.openjpa.kernel.LocalManagedRuntime.commit(LocalManagedRuntime.java:81)
	at org.apache.openjpa.kernel.BrokerImpl.commit(BrokerImpl.java:1524)
	at org.apache.openjpa.kernel.DelegatingBroker.commit(DelegatingBroker.java:933)
	at org.apache.openjpa.persistence.EntityManagerImpl.commit(EntityManagerImpl.java:570)
	... 20 more
Caused by: <openjpa-2.2.2-r422266:1468616 fatal store error> org.apache.openjpa.persistence.EntityExistsException: Duplicate entry '400' for key 'PRIMARY' {prepstmnt 1997498415 
INSERT INTO Unit (unitID, inputDate, isValid, unitName, updateDate) 
    VALUES (?, ?, ?, ?, ?) 
[params=(int) 400, (Date) 2014-09-07, (byte) 0, (String) 人事部, (Date) 2014-09-07]} [code=1062, state=23000]
FailedObject: systemaccount.model.Unit@196f4e87
	at org.apache.openjpa.jdbc.sql.DBDictionary.narrow(DBDictionary.java:4947)
	at org.apache.openjpa.jdbc.sql.DBDictionary.newStoreException(DBDictionary.java:4922)
	at org.apache.openjpa.jdbc.sql.SQLExceptions.getStore(SQLExceptions.java:136)
	at org.apache.openjpa.jdbc.sql.SQLExceptions.getStore(SQLExceptions.java:78)
	at org.apache.openjpa.jdbc.kernel.PreparedStatementManagerImpl.flushAndUpdate(PreparedStatementManagerImpl.java:144)
	at org.apache.openjpa.jdbc.kernel.BatchingPreparedStatementManagerImpl.flushAndUpdate(BatchingPreparedStatementManagerImpl.java:79)
	at org.apache.openjpa.jdbc.kernel.PreparedStatementManagerImpl.flushInternal(PreparedStatementManagerImpl.java:100)
	at org.apache.openjpa.jdbc.kernel.PreparedStatementManagerImpl.flush(PreparedStatementManagerImpl.java:88)
	at org.apache.openjpa.jdbc.kernel.ConstraintUpdateManager.flush(ConstraintUpdateManager.java:550)
	at org.apache.openjpa.jdbc.kernel.ConstraintUpdateManager.flush(ConstraintUpdateManager.java:106)
	at org.apache.openjpa.jdbc.kernel.BatchingConstraintUpdateManager.flush(BatchingConstraintUpdateManager.java:59)
	at org.apache.openjpa.jdbc.kernel.AbstractUpdateManager.flush(AbstractUpdateManager.java:105)
	at org.apache.openjpa.jdbc.kernel.AbstractUpdateManager.flush(AbstractUpdateManager.java:78)
	at org.apache.openjpa.jdbc.kernel.JDBCStoreManager.flush(JDBCStoreManager.java:732)
	at org.apache.openjpa.kernel.DelegatingStoreManager.flush(DelegatingStoreManager.java:131)
	... 27 more
Caused by: org.apache.openjpa.lib.jdbc.ReportingSQLException: Duplicate entry '400' for key 'PRIMARY' {prepstmnt 1997498415 
INSERT INTO Unit (unitID, inputDate, isValid, unitName, updateDate) 
    VALUES (?, ?, ?, ?, ?) 
[params=(int) 400, (Date) 2014-09-07, (byte) 0, (String) 人事部, (Date) 2014-09-07]} [code=1062, state=23000]
	at org.apache.openjpa.lib.jdbc.LoggingConnectionDecorator.wrap(LoggingConnectionDecorator.java:219)
	at org.apache.openjpa.lib.jdbc.LoggingConnectionDecorator.wrap(LoggingConnectionDecorator.java:195)
	at org.apache.openjpa.lib.jdbc.LoggingConnectionDecorator.access$1000(LoggingConnectionDecorator.java:59)
	at org.apache.openjpa.lib.jdbc.LoggingConnectionDecorator$LoggingConnection$LoggingPreparedStatement.executeUpdate(LoggingConnectionDecorator.java:1134)
	at org.apache.openjpa.lib.jdbc.DelegatingPreparedStatement.executeUpdate(DelegatingPreparedStatement.java:275)
	at org.apache.openjpa.jdbc.kernel.JDBCStoreManager$CancelPreparedStatement.executeUpdate(JDBCStoreManager.java:1792)
	at org.apache.openjpa.jdbc.kernel.PreparedStatementManagerImpl.executeUpdate(PreparedStatementManagerImpl.java:268)
	at org.apache.openjpa.jdbc.kernel.PreparedStatementManagerImpl.flushAndUpdate(PreparedStatementManagerImpl.java:119)
	... 37 more

]]></system-err>
  </testcase>
  <testcase name="Then 以下の部署が追加されていること, " classname="test.java.TestCreateSteps" time="0">
    <skipped/>
    <system-out><![CDATA[When 人事部を追加します

|UnitID|UnitName|
|400|人事部|
 (FAILED)
(<openjpa-2.2.2-r422266:1468616 fatal store error> org.apache.openjpa.persistence.RollbackException: The transaction has been rolled back.  See the nested exceptions for details on the errors that occurred.
FailedObject: systemaccount.model.Unit@196f4e87)
]]></system-out>
  </testcase>
  <testcase name="Given 新しい管理システムを作成します" classname="test.java.TestCreateSteps" time="0"/>
  <testcase name="When 給与システムを作成します, " classname="test.java.TestCreateSteps" time="1.963"/>
  <testcase name="Then 以下の管理システムが追加されていること, " classname="test.java.TestCreateSteps" time="1.583"/>
  <testcase name="Scenario: 003: 管理システムを一件追加します" classname="Scenario: 003: 管理システムを一件追加します" time="1.589"/>
  <testcase name="Given 新しい権限を作成します" classname="test.java.TestCreateSteps" time="0"/>
  <testcase name="When システム管理者権限を作成します, " classname="test.java.TestCreateSteps" time="2.994"/>
  <testcase name="Then 以下の権限が追加されていること, " classname="test.java.TestCreateSteps" time="1.456"/>
  <testcase name="Scenario: 004: 権限を一件追加します" classname="Scenario: 004: 権限を一件追加します" time="1.461"/>
  <testcase name="Given 新しい権限を付与します" classname="test.java.TestCreateSteps" time="0"/>
  <testcase name="When 以下のシステムアカウントに新しい権限を付与します, " classname="test.java.TestCreateSteps" time="4.789"/>
  <testcase name="Then 以下の権限が付与されていること, " classname="test.java.TestCreateSteps" time="1.783"/>
  <testcase name="Scenario: 005: 権限を付与します" classname="Scenario: 005: 権限を付与します" time="1.789"/>
  <testcase name="Create.story" classname="Create.story" time="1.79"/>
  <testcase name="AfterStories" classname="java.lang.Object" time="0.002"/>
</testsuite>