<?xml version="1.0" encoding="UTF-8"?>
<testsuite name="test.java.S3UpdateStories" time="0.055" tests="1" errors="1" skipped="0" failures="0">
  <properties>
[...]
</properties>
  <testcase name="test.java.S3UpdateStories" classname="org.apache.maven.surefire.junit4.JUnit4Provider" time="0.055">
    <error message="java.lang.NoSuchMethodError: org.junit.runner.Description.getMethodName()Ljava/lang/String;" type="java.lang.RuntimeException">java.lang.RuntimeException: java.lang.NoSuchMethodError: org.junit.runner.Description.getMethodName()Ljava/lang/String;
	at de.codecentric.jbehave.junit.monitoring.JUnitScenarioReporter.beforeStory(JUnitScenarioReporter.java:93)
	at org.jbehave.core.reporters.DelegatingStoryReporter.beforeStory(DelegatingStoryReporter.java:67)
	at org.jbehave.core.reporters.ConcurrentStoryReporter.beforeStory(ConcurrentStoryReporter.java:110)
	at org.jbehave.core.embedder.StoryRunner.runBeforeOrAfterStories(StoryRunner.java:71)
	at org.jbehave.core.embedder.StoryManager.runBeforeOrAfterStories(StoryManager.java:91)
	at org.jbehave.core.embedder.StoryManager.runStories(StoryManager.java:75)
	at org.jbehave.core.embedder.Embedder.runStoriesAsPaths(Embedder.java:203)
	at de.codecentric.jbehave.junit.monitoring.JUnitReportingRunner.run(JUnitReportingRunner.java:78)
	at org.apache.maven.surefire.junit4.JUnit4Provider.execute(JUnit4Provider.java:264)
	at org.apache.maven.surefire.junit4.JUnit4Provider.executeTestSet(JUnit4Provider.java:153)
	at org.apache.maven.surefire.junit4.JUnit4Provider.invoke(JUnit4Provider.java:124)
</error>
    <system-out><![CDATA[Processing system properties {}
Using controls EmbedderControls[batch=false,skip=false,generateViewAfterStories=true,ignoreFailureInStories=true,ignoreFailureInView=true,verboseFailures=false,verboseFiltering=false,storyTimeoutInSecs=60,threads=1]

(BeforeStories)
Generating reports view to 'D:\git\gitrepo\SystemAccount\WEB-INF\jbehave' using formats '[stats, console, txt, html, xml, junitscenarioreporter]' and view properties '{decorateNonHtml=true}'
Reports view generated with 0 stories (of which 0 pending) containing 0 scenarios (of which 0 pending)
]]></system-out>
  </testcase>
</testsuite>