-------------------------------------------------------------------------------
Test set: test.java.Test1CreateStories
-------------------------------------------------------------------------------
Tests run: 22, Failures: 0, Errors: 1, Skipped: 1, Time elapsed: 23.526 sec <<< FAILURE! - in test.java.Test1CreateStories
When l–•”‚ğ’Ç‰Á‚µ‚Ü‚·, (test.java.TestCreateSteps)  Time elapsed: 1.728 sec  <<< ERROR!
org.apache.openjpa.persistence.RollbackException: The transaction has been rolled back.  See the nested exceptions for details on the errors that occurred.
	at org.apache.openjpa.lib.jdbc.LoggingConnectionDecorator.wrap(LoggingConnectionDecorator.java:219)
	at org.apache.openjpa.lib.jdbc.LoggingConnectionDecorator.wrap(LoggingConnectionDecorator.java:195)
	at org.apache.openjpa.lib.jdbc.LoggingConnectionDecorator.access$1000(LoggingConnectionDecorator.java:59)
	at org.apache.openjpa.lib.jdbc.LoggingConnectionDecorator$LoggingConnection$LoggingPreparedStatement.executeUpdate(LoggingConnectionDecorator.java:1134)
	at org.apache.openjpa.lib.jdbc.DelegatingPreparedStatement.executeUpdate(DelegatingPreparedStatement.java:275)
	at org.apache.openjpa.jdbc.kernel.JDBCStoreManager$CancelPreparedStatement.executeUpdate(JDBCStoreManager.java:1792)
	at org.apache.openjpa.jdbc.kernel.PreparedStatementManagerImpl.executeUpdate(PreparedStatementManagerImpl.java:268)
	at org.apache.openjpa.jdbc.kernel.PreparedStatementManagerImpl.flushAndUpdate(PreparedStatementManagerImpl.java:119)
	at org.apache.openjpa.jdbc.kernel.BatchingPreparedStatementManagerImpl.flushAndUpdate(BatchingPreparedStatementManagerImpl.java:79)
	at org.apache.openjpa.jdbc.kernel.PreparedStatementManagerImpl.flushInternal(PreparedStatementManagerImpl.java:100)
	at org.apache.openjpa.jdbc.kernel.PreparedStatementManagerImpl.flush(PreparedStatementManagerImpl.java:88)
	at org.apache.openjpa.jdbc.kernel.ConstraintUpdateManager.flush(ConstraintUpdateManager.java:550)
	at org.apache.openjpa.jdbc.kernel.ConstraintUpdateManager.flush(ConstraintUpdateManager.java:106)
	at org.apache.openjpa.jdbc.kernel.BatchingConstraintUpdateManager.flush(BatchingConstraintUpdateManager.java:59)
	at org.apache.openjpa.jdbc.kernel.AbstractUpdateManager.flush(AbstractUpdateManager.java:105)
	at org.apache.openjpa.jdbc.kernel.AbstractUpdateManager.flush(AbstractUpdateManager.java:78)
	at org.apache.openjpa.jdbc.kernel.JDBCStoreManager.flush(JDBCStoreManager.java:732)
	at org.apache.openjpa.kernel.DelegatingStoreManager.flush(DelegatingStoreManager.java:131)
	at org.apache.openjpa.kernel.BrokerImpl.flush(BrokerImpl.java:2184)
	at org.apache.openjpa.kernel.BrokerImpl.flushSafe(BrokerImpl.java:2082)
	at org.apache.openjpa.kernel.BrokerImpl.beforeCompletion(BrokerImpl.java:2000)
	at org.apache.openjpa.kernel.LocalManagedRuntime.commit(LocalManagedRuntime.java:81)
	at org.apache.openjpa.kernel.BrokerImpl.commit(BrokerImpl.java:1524)
	at org.apache.openjpa.kernel.DelegatingBroker.commit(DelegatingBroker.java:933)
	at org.apache.openjpa.persistence.EntityManagerImpl.commit(EntityManagerImpl.java:570)
	at systemaccount.service.CreateUnit.createUnit(CreateUnit.java:24)
	at systemaccount.json.webresource.UnitResource.createItem(UnitResource.java:80)
	at test.java.TestCreateSteps.whenCreateUnit(TestCreateSteps.java:75)

